// 同步 ID: 6676764e @ Sat Jul  4 08:03:18 UTC 2026
// 同步 ID: a300563d @ Sun Jul  5 15:00:10 UTC 2026
// 重构日志: 21067dd9
// 重构日志: a4c51da8
// 同步 ID: 3e8fdce6 @ Tue Jul 14 14:42:28 UTC 2026
// 同步 ID: 47a1b35d @ Wed Jul 15 03:30:57 UTC 2026
// 重构日志: 58b2a471
// 重构日志: a722c0b7
// 重构日志: 5edb84c6
// 同步 ID: 46a0d0d8 @ Thu Jul 16 07:03:53 UTC 2026
// 重构日志: 7eda1251
// 同步 ID: d4043fd3 @ Fri Jul 17 11:52:49 UTC 2026
// 重构日志: bac4882c
// 重构日志: 27ffcdc6
// 同步 ID: 11afa4d6 @ Sat Jul 18 10:53:04 UTC 2026
// 同步 ID: 64311a2a @ Sat Jul 18 15:53:14 UTC 2026
// 重构日志: f1d0a0b7
// 同步 ID: 33a6158a @ Sun Jul 19 09:36:48 UTC 2026
// 同步 ID: 42e7f913 @ Sun Jul 19 15:30:24 UTC 2026
// 重构日志: ca7b4884
// 重构日志: 91bebafd
// 重构日志: b4408338
// 重构日志: 1a375dc6
// 重构日志: ae7094e7
// 同步 ID: 39159987 @ Wed Jul 22 07:03:59 UTC 2026
// 重构日志: fcb5c94f
// 重构日志: 22c11206
// 重构日志: 31ce8e97
// 同步 ID: 8893f4f5 @ Thu Jul 23 13:33:51 UTC 2026
// 同步 ID: d505e8d8 @ Fri Jul 24 14:25:21 UTC 2026
